Nov 02, 2019 1:01:03 PM GrepLogger LogInfo
INFO: [Main] As port was not passed. Setting port to default value 5000.
Nov 02, 2019 1:01:03 PM GrepLogger LogInfo
INFO: [Main] Starting the server on port: 5000
Nov 02, 2019 1:01:03 PM GrepLogger LogInfo
INFO: [Main] Starting the heartbeat handler
Nov 02, 2019 1:01:03 PM GrepLogger LogInfo
INFO: [Main] Starting the failure detector
Nov 02, 2019 1:01:03 PM GrepLogger LogInfo
INFO: [Main] Starting the client
Nov 02, 2019 1:01:03 PM GrepLogger LogInfo
INFO: [Server] Server started at Socket : 0.0.0.0/0.0.0.0:5000 Port : 5000
Nov 02, 2019 1:01:11 PM GrepLogger LogWarning
WARNING: [ClientInput] Wrong command
Nov 02, 2019 1:01:15 PM GrepLogger LogException
SEVERE: [ClientInput] User request failedFailed with exception:Index 2 out of bounds for length 2
Nov 02, 2019 1:01:27 PM GrepLogger LogException
SEVERE: [ClientInput] User request failedFailed with exception:null
Nov 02, 2019 1:02:06 PM GrepLogger LogException
SEVERE: [ClientInput] User request failedFailed with exception:null
Nov 02, 2019 1:06:11 PM GrepLogger LogInfo
INFO: [Main] As port was not passed. Setting port to default value 5000.
Nov 02, 2019 1:06:12 PM GrepLogger LogInfo
INFO: [Main] Starting the server on port: 5000
Nov 02, 2019 1:06:12 PM GrepLogger LogInfo
INFO: [Server] Server started at Socket : 0.0.0.0/0.0.0.0:5000 Port : 5000
Nov 02, 2019 1:06:12 PM GrepLogger LogInfo
INFO: [Main] Starting the heartbeat handler
Nov 02, 2019 1:06:12 PM GrepLogger LogInfo
INFO: [Main] Starting the failure detector
Nov 02, 2019 1:06:12 PM GrepLogger LogInfo
INFO: [Main] Starting the client
Nov 02, 2019 1:07:21 PM GrepLogger LogException
SEVERE: [ClientInput] User request failedFailed with exception:null
Nov 02, 2019 1:11:24 PM GrepLogger LogException
SEVERE: [ClientInput] User request failedFailed with exception:null
Nov 02, 2019 1:15:06 PM GrepLogger LogInfo
INFO: [Main] As port was not passed. Setting port to default value 5000.
Nov 02, 2019 1:15:06 PM GrepLogger LogInfo
INFO: [Main] Starting the server on port: 5000
Nov 02, 2019 1:15:06 PM GrepLogger LogInfo
INFO: [Server] Server started at Socket : 0.0.0.0/0.0.0.0:5000 Port : 5000
Nov 02, 2019 1:15:06 PM GrepLogger LogInfo
INFO: [Main] Starting the heartbeat handler
Nov 02, 2019 1:15:06 PM GrepLogger LogInfo
INFO: [Main] Starting the failure detector
Nov 02, 2019 1:15:06 PM GrepLogger LogInfo
INFO: [Main] Starting the client
Nov 02, 2019 2:10:46 PM GrepLogger LogInfo
INFO: [Main] As port was not passed. Setting port to default value 5000.
Nov 02, 2019 2:10:46 PM GrepLogger LogInfo
INFO: [Main] Starting the server on port: 5500
Nov 02, 2019 2:10:46 PM GrepLogger LogInfo
INFO: [Server] Server started at Socket : 0.0.0.0/0.0.0.0:5500 Port : 5500
Nov 02, 2019 2:10:46 PM GrepLogger LogInfo
INFO: [Main] Starting the heartbeat handler
Nov 02, 2019 2:10:46 PM GrepLogger LogInfo
INFO: [Main] Starting the failure detector
Nov 02, 2019 2:10:46 PM GrepLogger LogInfo
INFO: [Main] Starting the TCP Server
Nov 02, 2019 2:10:46 PM GrepLogger LogInfo
INFO: [Main] Starting the client
Nov 02, 2019 2:10:46 PM GrepLogger LogInfo
INFO: [TcpServer] Server started at Socket : 0.0.0.0/0.0.0.0 Port : 5000
Nov 02, 2019 2:10:46 PM GrepLogger LogInfo
INFO: [TcpServer] No of clients serverd so far: 0. Waiting for more connections.
Nov 02, 2019 2:13:19 PM GrepLogger LogInfo
INFO: [Main] Starting the server on port: 5502
Nov 02, 2019 2:13:19 PM GrepLogger LogInfo
INFO: [Main] Starting the heartbeat handler
Nov 02, 2019 2:13:19 PM GrepLogger LogInfo
INFO: [Main] Starting the failure detector
Nov 02, 2019 2:13:19 PM GrepLogger LogInfo
INFO: [Main] Starting the TCP Server
Nov 02, 2019 2:13:19 PM GrepLogger LogInfo
INFO: [Server] Server started at Socket : 0.0.0.0/0.0.0.0:5502 Port : 5502
Nov 02, 2019 2:13:19 PM GrepLogger LogInfo
INFO: [Main] Starting the client
Nov 02, 2019 2:13:19 PM GrepLogger LogInfo
INFO: [TcpServer] Server started at Socket : 0.0.0.0/0.0.0.0 Port : 5002
Nov 02, 2019 2:13:19 PM GrepLogger LogInfo
INFO: [TcpServer] No of clients serverd so far: 0. Waiting for more connections.
Nov 02, 2019 2:13:54 PM GrepLogger LogInfo
INFO: [Main] Starting the server on port: 5502
Nov 02, 2019 2:13:54 PM GrepLogger LogInfo
INFO: [Main] Starting the heartbeat handler
Nov 02, 2019 2:13:54 PM GrepLogger LogInfo
INFO: [Main] Starting the failure detector
Nov 02, 2019 2:13:54 PM GrepLogger LogInfo
INFO: [Main] Starting the TCP Server
Nov 02, 2019 2:13:54 PM GrepLogger LogInfo
INFO: [Server] Server started at Socket : 0.0.0.0/0.0.0.0:5502 Port : 5502
Nov 02, 2019 2:13:54 PM GrepLogger LogInfo
INFO: [Main] Starting the client
Nov 02, 2019 2:13:54 PM GrepLogger LogInfo
INFO: [TcpServer] Server started at Socket : 0.0.0.0/0.0.0.0 Port : 5002
Nov 02, 2019 2:13:54 PM GrepLogger LogInfo
INFO: [TcpServer] No of clients serverd so far: 0. Waiting for more connections.
Nov 02, 2019 2:19:30 PM GrepLogger LogInfo
INFO: [Main] Starting the server on port: 5502
Nov 02, 2019 2:19:30 PM GrepLogger LogInfo
INFO: [Server] Server started at Socket : 0.0.0.0/0.0.0.0:5502 Port : 5502
Nov 02, 2019 2:19:30 PM GrepLogger LogInfo
INFO: [Main] Starting the heartbeat handler
Nov 02, 2019 2:19:30 PM GrepLogger LogInfo
INFO: [Main] Starting the failure detector
Nov 02, 2019 2:19:30 PM GrepLogger LogInfo
INFO: [Main] Starting the TCP Server
Nov 02, 2019 2:19:30 PM GrepLogger LogInfo
INFO: [Main] Starting the client
Nov 02, 2019 2:19:30 PM GrepLogger LogInfo
INFO: [TcpServer] Server started at Socket : 0.0.0.0/0.0.0.0 Port : 5002
Nov 02, 2019 2:19:30 PM GrepLogger LogInfo
INFO: [TcpServer] No of clients serverd so far: 0. Waiting for more connections.
Nov 02, 2019 2:19:35 PM GrepLogger LogInfo
INFO: JIN
Nov 02, 2019 2:19:35 PM GrepLogger LogWarning
WARNING: [ClientInput] Wrong command
Nov 02, 2019 2:19:37 PM GrepLogger LogInfo
INFO: JOIN
Nov 02, 2019 2:19:37 PM GrepLogger LogException
SEVERE: [HeartbeatHandler] HeartbeatHandler failedFailed with exception:null
Nov 02, 2019 2:19:37 PM GrepLogger LogException
SEVERE: [ClientInput] User request failedFailed with exception:null
Nov 02, 2019 2:19:42 PM GrepLogger LogException
SEVERE: [HeartbeatHandler] HeartbeatHandler failedFailed with exception:null
Nov 02, 2019 2:21:03 PM GrepLogger LogInfo
INFO: [Main] Starting the server on port: 5502
Nov 02, 2019 2:21:03 PM GrepLogger LogInfo
INFO: [Main] Starting the heartbeat handler
Nov 02, 2019 2:21:03 PM GrepLogger LogInfo
INFO: [Main] Starting the failure detector
Nov 02, 2019 2:21:03 PM GrepLogger LogInfo
INFO: [Main] Starting the TCP Server
Nov 02, 2019 2:21:03 PM GrepLogger LogInfo
INFO: [Main] Starting the client
Nov 02, 2019 2:21:03 PM GrepLogger LogInfo
INFO: [Server] Server started at Socket : 0.0.0.0/0.0.0.0:5502 Port : 5502
Nov 02, 2019 2:21:03 PM GrepLogger LogInfo
INFO: [TcpServer] Server started at Socket : 0.0.0.0/0.0.0.0 Port : 5002
Nov 02, 2019 2:21:03 PM GrepLogger LogInfo
INFO: [TcpServer] No of clients serverd so far: 0. Waiting for more connections.
Nov 02, 2019 2:21:05 PM GrepLogger LogInfo
INFO: JOIN
Nov 02, 2019 2:21:05 PM GrepLogger LogException
SEVERE: [ClientInput] User request failedFailed with exception:null
Nov 02, 2019 2:21:05 PM GrepLogger LogException
SEVERE: [HeartbeatHandler] HeartbeatHandler failedFailed with exception:null
Nov 02, 2019 2:21:10 PM GrepLogger LogException
SEVERE: [HeartbeatHandler] HeartbeatHandler failedFailed with exception:null
Nov 02, 2019 2:21:15 PM GrepLogger LogException
SEVERE: [HeartbeatHandler] HeartbeatHandler failedFailed with exception:null
Nov 02, 2019 2:21:20 PM GrepLogger LogException
SEVERE: [HeartbeatHandler] HeartbeatHandler failedFailed with exception:null
Nov 02, 2019 2:21:25 PM GrepLogger LogException
SEVERE: [HeartbeatHandler] HeartbeatHandler failedFailed with exception:null
Nov 02, 2019 2:21:30 PM GrepLogger LogException
SEVERE: [HeartbeatHandler] HeartbeatHandler failedFailed with exception:null
Nov 02, 2019 2:21:35 PM GrepLogger LogException
SEVERE: [HeartbeatHandler] HeartbeatHandler failedFailed with exception:null
Nov 02, 2019 2:21:50 PM GrepLogger LogInfo
INFO: [Main] Starting the server on port: 5502
Nov 02, 2019 2:21:50 PM GrepLogger LogInfo
INFO: [Server] Server started at Socket : 0.0.0.0/0.0.0.0:5502 Port : 5502
Nov 02, 2019 2:21:50 PM GrepLogger LogInfo
INFO: [Main] Starting the heartbeat handler
Nov 02, 2019 2:21:50 PM GrepLogger LogInfo
INFO: [Main] Starting the failure detector
Nov 02, 2019 2:21:50 PM GrepLogger LogInfo
INFO: [Main] Starting the TCP Server
Nov 02, 2019 2:21:50 PM GrepLogger LogInfo
INFO: [Main] Starting the client
Nov 02, 2019 2:21:50 PM GrepLogger LogInfo
INFO: [TcpServer] Server started at Socket : 0.0.0.0/0.0.0.0 Port : 5002
Nov 02, 2019 2:21:50 PM GrepLogger LogInfo
INFO: [TcpServer] No of clients serverd so far: 0. Waiting for more connections.
Nov 02, 2019 2:21:53 PM GrepLogger LogInfo
INFO: join
Nov 02, 2019 2:21:53 PM GrepLogger LogInfo
INFO: HELLO
Nov 02, 2019 2:21:53 PM GrepLogger LogException
SEVERE: [ClientInput] User request failedFailed with exception:null
Nov 02, 2019 2:21:53 PM GrepLogger LogException
SEVERE: [HeartbeatHandler] HeartbeatHandler failedFailed with exception:null
Nov 02, 2019 2:22:58 PM GrepLogger LogInfo
INFO: [Main] Starting the server on port: 5502
Nov 02, 2019 2:22:58 PM GrepLogger LogInfo
INFO: [Main] Starting the heartbeat handler
Nov 02, 2019 2:22:58 PM GrepLogger LogInfo
INFO: [Main] Starting the failure detector
Nov 02, 2019 2:22:58 PM GrepLogger LogInfo
INFO: [Main] Starting the TCP Server
Nov 02, 2019 2:22:58 PM GrepLogger LogInfo
INFO: [Main] Starting the client
Nov 02, 2019 2:22:58 PM GrepLogger LogInfo
INFO: [Server] Server started at Socket : 0.0.0.0/0.0.0.0:5502 Port : 5502
Nov 02, 2019 2:22:58 PM GrepLogger LogInfo
INFO: [TcpServer] Server started at Socket : 0.0.0.0/0.0.0.0 Port : 5002
Nov 02, 2019 2:22:58 PM GrepLogger LogInfo
INFO: [TcpServer] No of clients serverd so far: 0. Waiting for more connections.
Nov 02, 2019 2:23:26 PM GrepLogger LogInfo
INFO: [Main] Starting the server on port: 5502
Nov 02, 2019 2:23:26 PM GrepLogger LogInfo
INFO: [Main] Starting the heartbeat handler
Nov 02, 2019 2:23:26 PM GrepLogger LogInfo
INFO: [Main] Starting the failure detector
Nov 02, 2019 2:23:26 PM GrepLogger LogInfo
INFO: [Main] Starting the TCP Server
Nov 02, 2019 2:23:26 PM GrepLogger LogInfo
INFO: [Server] Server started at Socket : 0.0.0.0/0.0.0.0:5502 Port : 5502
Nov 02, 2019 2:23:26 PM GrepLogger LogInfo
INFO: [Main] Starting the client
Nov 02, 2019 2:23:26 PM GrepLogger LogInfo
INFO: [TcpServer] Server started at Socket : 0.0.0.0/0.0.0.0 Port : 5002
Nov 02, 2019 2:23:26 PM GrepLogger LogInfo
INFO: [TcpServer] No of clients serverd so far: 0. Waiting for more connections.
Nov 02, 2019 2:24:01 PM GrepLogger LogInfo
INFO: [Main] Starting the server on port: 5500
Nov 02, 2019 2:24:01 PM GrepLogger LogInfo
INFO: [Server] Server started at Socket : 0.0.0.0/0.0.0.0:5500 Port : 5500
Nov 02, 2019 2:24:02 PM GrepLogger LogInfo
INFO: [Main] Starting the heartbeat handler
Nov 02, 2019 2:24:02 PM GrepLogger LogInfo
INFO: [Main] Starting the failure detector
Nov 02, 2019 2:24:02 PM GrepLogger LogInfo
INFO: [Main] Starting the TCP Server
Nov 02, 2019 2:24:02 PM GrepLogger LogInfo
INFO: [Main] Starting the client
Nov 02, 2019 2:24:02 PM GrepLogger LogInfo
INFO: [TcpServer] Server started at Socket : 0.0.0.0/0.0.0.0 Port : 5000
Nov 02, 2019 2:24:02 PM GrepLogger LogInfo
INFO: [TcpServer] No of clients serverd so far: 0. Waiting for more connections.
Nov 02, 2019 2:30:57 PM GrepLogger LogInfo
INFO: [Main] Starting the server on port: 5500
Nov 02, 2019 2:30:57 PM GrepLogger LogInfo
INFO: [Server] Server started at Socket : 0.0.0.0/0.0.0.0:5500 Port : 5500
Nov 02, 2019 2:30:58 PM GrepLogger LogError
SEVERE: null
